2022-04-17 17:31:11: -- Analysis Started by User Command
2022-04-17 17:31:11: L: State file does not exist: F:/Minecraft/Instances/Alkahestry/_gsdata_/_file_state_v4._gs
2022-04-17 17:31:11: R: State file does not exist: F:/BBlock S/_gsdata_/_file_state_v4._gs
2022-04-17 17:31:11: /logs/2022-04-09-1.log.gz: Conflict: New files that differ
2022-04-17 17:31:11: /logs/2022-04-09-2.log.gz: Conflict: New files that differ
2022-04-17 17:31:11: /logs/2022-04-09-3.log.gz: Conflict: New files that differ
2022-04-17 17:31:11: /logs/2022-04-09-4.log.gz: Conflict: New files that differ
2022-04-17 17:31:11: /logs/2022-04-09-5.log.gz: Conflict: New files that differ
2022-04-17 17:31:11: /logs/2022-04-09-6.log.gz: Conflict: New files that differ
2022-04-17 17:31:11: /logs/2022-04-10-1.log.gz: Conflict: New files that differ
2022-04-17 17:31:11: /logs/2022-04-10-2.log.gz: Conflict: New files that differ
2022-04-17 17:31:11: /logs/2022-04-10-3.log.gz: Conflict: New files that differ
2022-04-17 17:31:11: /logs/2022-04-10-4.log.gz: Conflict: New files that differ
2022-04-17 17:31:11: /logs/2022-04-10-5.log.gz: Conflict: New files that differ
2022-04-17 17:31:11: /logs/2022-04-11-1.log.gz: Conflict: New files that differ
2022-04-17 17:31:11: /logs/2022-04-11-2.log.gz: Conflict: New files that differ
2022-04-17 17:31:11: /logs/2022-04-11-3.log.gz: Conflict: New files that differ
2022-04-17 17:31:11: /logs/2022-04-11-4.log.gz: Conflict: New files that differ
2022-04-17 17:31:11: /logs/2022-04-11-5.log.gz: Conflict: New files that differ
2022-04-17 17:31:11: /logs/2022-04-11-6.log.gz: Conflict: New files that differ
2022-04-17 17:31:11: /logs/2022-04-15-1.log.gz: Conflict: New files that differ
2022-04-17 17:31:11: /logs/2022-04-15-2.log.gz: Conflict: New files that differ
2022-04-17 17:31:11: /logs/2022-04-16-1.log.gz: Conflict: New files that differ
2022-04-17 17:31:11: /logs/2022-04-16-2.log.gz: Conflict: New files that differ
2022-04-17 17:31:11: /logs/2022-04-17-1.log.gz: Conflict: New files that differ
2022-04-17 17:31:11: /logs/2022-04-17-2.log.gz: Conflict: New files that differ
2022-04-17 17:31:11: /logs/2022-04-17-3.log.gz: Conflict: New files that differ
2022-04-17 17:31:11: /logs/crafttweaker.log: Conflict: New files that differ
2022-04-17 17:31:11: /logs/FP-Latest.log: Conflict: New files that differ
2022-04-17 17:31:11: /logs/kubejs/client.txt: Conflict: New files that differ
2022-04-17 17:31:11: /logs/kubejs/server.txt: Conflict: New files that differ
2022-04-17 17:31:11: /logs/kubejs/startup.txt: Conflict: New files that differ
2022-04-17 17:31:11: /logs/latest.log: Conflict: New files that differ
2022-04-17 17:31:11: Analyze has finished with Conflicts. Resolve Conflicts by selecting the correct sync direction, then click Sync
2022-04-17 17:31:11: Changes: 66, Conflicts: 30, CopyTime: 0, FixState: 38, Errors: 0, All: 143
2022-04-17 17:31:11: Left to Right: Copy File: 20 
2022-04-17 17:31:11: Right to Left: Copy File: 16 
2022-04-17 17:31:11: -- Analysis Complete. Time 00:00:00, Speed: Many files/s
