2022-04-17 17:32:41: == Sync Started by User Command
2022-04-17 17:32:41: Copy Over 'F:/Minecraft/Instances/Alkahestry/kubejs/server_scripts/customRecipes/myst_ag.js' -> 'F:/BBlock S/kubejs/server_scripts/customRecipes/myst_ag.js' (4,616) (User Action)
2022-04-17 17:32:41: Copy Over 'F:/BBlock S/kubejs/server_scripts/customRecipes/projectexpansion.js' -> 'F:/Minecraft/Instances/Alkahestry/kubejs/server_scripts/customRecipes/projectexpansion.js' (1,852) (User Action)
2022-04-17 17:32:41: Copy New 'F:/Minecraft/Instances/Alkahestry/logs/2022-04-07-2.log.gz' -> 'F:/BBlock S/logs/2022-04-07-2.log.gz' (2,130)
2022-04-17 17:32:41: Copy New 'F:/Minecraft/Instances/Alkahestry/logs/2022-04-07-3.log.gz' -> 'F:/BBlock S/logs/2022-04-07-3.log.gz' (41,832)
2022-04-17 17:32:41: Copy New 'F:/Minecraft/Instances/Alkahestry/logs/2022-04-07-1.log.gz' -> 'F:/BBlock S/logs/2022-04-07-1.log.gz' (2,278)
2022-04-17 17:32:41: Copy New 'F:/Minecraft/Instances/Alkahestry/logs/2022-04-07-5.log.gz' -> 'F:/BBlock S/logs/2022-04-07-5.log.gz' (32,127)
2022-04-17 17:32:41: Copy New 'F:/Minecraft/Instances/Alkahestry/logs/2022-04-07-4.log.gz' -> 'F:/BBlock S/logs/2022-04-07-4.log.gz' (32,138)
2022-04-17 17:32:41: Copy New 'F:/Minecraft/Instances/Alkahestry/logs/2022-04-08-1.log.gz' -> 'F:/BBlock S/logs/2022-04-08-1.log.gz' (49,921)
2022-04-17 17:32:41: Copy New 'F:/Minecraft/Instances/Alkahestry/logs/2022-04-08-4.log.gz' -> 'F:/BBlock S/logs/2022-04-08-4.log.gz' (57,065)
2022-04-17 17:32:41: Copy New 'F:/Minecraft/Instances/Alkahestry/logs/2022-04-08-3.log.gz' -> 'F:/BBlock S/logs/2022-04-08-3.log.gz' (60,486)
2022-04-17 17:32:41: Copy New 'F:/Minecraft/Instances/Alkahestry/logs/2022-04-08-2.log.gz' -> 'F:/BBlock S/logs/2022-04-08-2.log.gz' (242,160)
2022-04-17 17:32:41: Copy New 'F:/Minecraft/Instances/Alkahestry/logs/2022-04-08-5.log.gz' -> 'F:/BBlock S/logs/2022-04-08-5.log.gz' (402,584)
2022-04-17 17:32:41: Copy New 'F:/Minecraft/Instances/Alkahestry/logs/2022-04-08-6.log.gz' -> 'F:/BBlock S/logs/2022-04-08-6.log.gz' (316,464)
2022-04-17 17:32:41: Copy Over 'F:/BBlock S/logs/2022-04-09-1.log.gz' -> 'F:/Minecraft/Instances/Alkahestry/logs/2022-04-09-1.log.gz' (226,310) (User Action)
2022-04-17 17:32:41: Copy Over 'F:/BBlock S/logs/2022-04-09-2.log.gz' -> 'F:/Minecraft/Instances/Alkahestry/logs/2022-04-09-2.log.gz' (347,867) (User Action)
2022-04-17 17:32:41: Copy Over 'F:/BBlock S/logs/2022-04-09-3.log.gz' -> 'F:/Minecraft/Instances/Alkahestry/logs/2022-04-09-3.log.gz' (350,528) (User Action)
2022-04-17 17:32:41: Copy Over 'F:/BBlock S/logs/2022-04-09-4.log.gz' -> 'F:/Minecraft/Instances/Alkahestry/logs/2022-04-09-4.log.gz' (1,196,696) (User Action)
2022-04-17 17:32:41: Copy Over 'F:/Minecraft/Instances/Alkahestry/logs/2022-04-09-5.log.gz' -> 'F:/BBlock S/logs/2022-04-09-5.log.gz' (709,038) (User Action)
2022-04-17 17:32:41: Copy Over 'F:/Minecraft/Instances/Alkahestry/logs/2022-04-09-6.log.gz' -> 'F:/BBlock S/logs/2022-04-09-6.log.gz' (361,868) (User Action)
2022-04-17 17:32:41: Copy Over 'F:/BBlock S/logs/2022-04-10-1.log.gz' -> 'F:/Minecraft/Instances/Alkahestry/logs/2022-04-10-1.log.gz' (689,006) (User Action)
2022-04-17 17:32:41: Copy Over 'F:/Minecraft/Instances/Alkahestry/logs/2022-04-10-4.log.gz' -> 'F:/BBlock S/logs/2022-04-10-4.log.gz' (63,431) (User Action)
2022-04-17 17:32:42: Copy Over 'F:/BBlock S/logs/2022-04-10-2.log.gz' -> 'F:/Minecraft/Instances/Alkahestry/logs/2022-04-10-2.log.gz' (244,333) (User Action)
2022-04-17 17:32:42: Copy Over 'F:/BBlock S/logs/2022-04-10-3.log.gz' -> 'F:/Minecraft/Instances/Alkahestry/logs/2022-04-10-3.log.gz' (3,134,517) (User Action)
2022-04-17 17:32:42: Copy Over 'F:/Minecraft/Instances/Alkahestry/logs/2022-04-10-5.log.gz' -> 'F:/BBlock S/logs/2022-04-10-5.log.gz' (340,992) (User Action)
2022-04-17 17:32:42: Copy Over 'F:/BBlock S/logs/2022-04-11-1.log.gz' -> 'F:/Minecraft/Instances/Alkahestry/logs/2022-04-11-1.log.gz' (728,091) (User Action)
2022-04-17 17:32:42: Copy Over 'F:/BBlock S/logs/2022-04-11-2.log.gz' -> 'F:/Minecraft/Instances/Alkahestry/logs/2022-04-11-2.log.gz' (2,642,194) (User Action)
2022-04-17 17:32:42: Copy Over 'F:/BBlock S/logs/2022-04-11-3.log.gz' -> 'F:/Minecraft/Instances/Alkahestry/logs/2022-04-11-3.log.gz' (1,205,194) (User Action)
2022-04-17 17:32:42: Copy Over 'F:/Minecraft/Instances/Alkahestry/logs/2022-04-11-4.log.gz' -> 'F:/BBlock S/logs/2022-04-11-4.log.gz' (38,816) (User Action)
2022-04-17 17:32:42: Copy Over 'F:/Minecraft/Instances/Alkahestry/logs/2022-04-11-6.log.gz' -> 'F:/BBlock S/logs/2022-04-11-6.log.gz' (503,145) (User Action)
2022-04-17 17:32:42: Copy Over 'F:/Minecraft/Instances/Alkahestry/logs/2022-04-11-5.log.gz' -> 'F:/BBlock S/logs/2022-04-11-5.log.gz' (271,825) (User Action)
2022-04-17 17:32:42: Copy New 'F:/BBlock S/logs/2022-04-12-1.log.gz' -> 'F:/Minecraft/Instances/Alkahestry/logs/2022-04-12-1.log.gz' (575)
2022-04-17 17:32:42: Copy New 'F:/Minecraft/Instances/Alkahestry/logs/2022-04-13-1.log.gz' -> 'F:/BBlock S/logs/2022-04-13-1.log.gz' (135,670)
2022-04-17 17:32:42: Copy New 'F:/BBlock S/logs/2022-04-13-2.log.gz' -> 'F:/Minecraft/Instances/Alkahestry/logs/2022-04-13-2.log.gz' (2,817)
2022-04-17 17:32:42: Copy Over 'F:/BBlock S/logs/2022-04-15-1.log.gz' -> 'F:/Minecraft/Instances/Alkahestry/logs/2022-04-15-1.log.gz' (1,742,953) (User Action)
2022-04-17 17:32:42: Copy New 'F:/Minecraft/Instances/Alkahestry/logs/2022-04-15-3.log.gz' -> 'F:/BBlock S/logs/2022-04-15-3.log.gz' (59,630)
2022-04-17 17:32:42: Copy Over 'F:/BBlock S/logs/2022-04-15-2.log.gz' -> 'F:/Minecraft/Instances/Alkahestry/logs/2022-04-15-2.log.gz' (130,184) (User Action)
2022-04-17 17:32:42: Copy New 'F:/Minecraft/Instances/Alkahestry/logs/2022-04-15-4.log.gz' -> 'F:/BBlock S/logs/2022-04-15-4.log.gz' (829,447)
2022-04-17 17:32:42: Copy Over 'F:/BBlock S/logs/2022-04-16-1.log.gz' -> 'F:/Minecraft/Instances/Alkahestry/logs/2022-04-16-1.log.gz' (111,109) (User Action)
2022-04-17 17:32:42: Copy Over 'F:/BBlock S/logs/2022-04-17-1.log.gz' -> 'F:/Minecraft/Instances/Alkahestry/logs/2022-04-17-1.log.gz' (128,623) (User Action)
2022-04-17 17:32:42: Copy Over 'F:/Minecraft/Instances/Alkahestry/logs/2022-04-16-2.log.gz' -> 'F:/BBlock S/logs/2022-04-16-2.log.gz' (219,447) (User Action)
2022-04-17 17:32:42: Copy Over 'F:/Minecraft/Instances/Alkahestry/logs/2022-04-17-2.log.gz' -> 'F:/BBlock S/logs/2022-04-17-2.log.gz' (2,232) (User Action)
2022-04-17 17:32:42: Copy New 'F:/BBlock S/logs/2022-04-17-4.log.gz' -> 'F:/Minecraft/Instances/Alkahestry/logs/2022-04-17-4.log.gz' (160,425)
2022-04-17 17:32:42: Copy Over 'F:/Minecraft/Instances/Alkahestry/logs/crafttweaker.log' -> 'F:/BBlock S/logs/crafttweaker.log' (0) (User Action)
- ERROR: Cannot move destination file to history folder: F:/BBlock S/_gsdata_/_saved_/logs/crafttweaker.log: The process cannot access the file because it is being used by another process.  (error 32)
2022-04-17 17:32:42: Copy New 'F:/BBlock S/logs/debug-1.log.gz' -> 'F:/Minecraft/Instances/Alkahestry/logs/debug-1.log.gz' (1,139,055)
2022-04-17 17:32:42: Copy Over 'F:/Minecraft/Instances/Alkahestry/logs/2022-04-17-3.log.gz' -> 'F:/BBlock S/logs/2022-04-17-3.log.gz' (132,576) (User Action)
2022-04-17 17:32:42: Copy New 'F:/BBlock S/logs/debug-3.log.gz' -> 'F:/Minecraft/Instances/Alkahestry/logs/debug-3.log.gz' (22,032)
2022-04-17 17:32:42: Copy New 'F:/BBlock S/logs/2022-04-17-5.log.gz' -> 'F:/Minecraft/Instances/Alkahestry/logs/2022-04-17-5.log.gz' (5,650)
2022-04-17 17:32:42: Copy New 'F:/BBlock S/logs/debug-2.log.gz' -> 'F:/Minecraft/Instances/Alkahestry/logs/debug-2.log.gz' (22,037)
2022-04-17 17:32:42: Copy New 'F:/BBlock S/logs/debug-4.log.gz' -> 'F:/Minecraft/Instances/Alkahestry/logs/debug-4.log.gz' (1,210,761)
2022-04-17 17:32:42: Copy Over 'F:/Minecraft/Instances/Alkahestry/logs/FP-Latest.log' -> 'F:/BBlock S/logs/FP-Latest.log' (0) (User Action)
- ERROR: Cannot move destination file to history folder: F:/BBlock S/_gsdata_/_saved_/logs/FP-Latest.log: The process cannot access the file because it is being used by another process.  (error 32)
2022-04-17 17:32:42: Copy Over 'F:/Minecraft/Instances/Alkahestry/logs/kubejs/client.txt' -> 'F:/BBlock S/logs/kubejs/client.txt' (226) (User Action)
2022-04-17 17:32:42: Copy Over 'F:/BBlock S/logs/kubejs/server.txt' -> 'F:/Minecraft/Instances/Alkahestry/logs/kubejs/server.txt' (282,643) (User Action)
2022-04-17 17:32:42: Copy Over 'F:/Minecraft/Instances/Alkahestry/logs/kubejs/startup.txt' -> 'F:/BBlock S/logs/kubejs/startup.txt' (231) (User Action)
2022-04-17 17:32:42: Copy New 'F:/BBlock S/logs/debug-5.log.gz' -> 'F:/Minecraft/Instances/Alkahestry/logs/debug-5.log.gz' (1,151,561)
2022-04-17 17:32:43: Copy Over 'F:/Minecraft/Instances/Alkahestry/logs/latest.log' -> 'F:/BBlock S/logs/latest.log' (0) (User Action)
- ERROR: Cannot move destination file to history folder: F:/BBlock S/_gsdata_/_saved_/logs/latest.log: The process cannot access the file because it is being used by another process.  (error 32)
2022-04-17 17:32:44: F:/BBlock S/logs/debug.log: Source file has changed between Analyze and Sync from '[file] size=34,727,611 accu-time=2022-04-17 12:01:59 attr=Archive cktype=0' to 'size=62,439,251 time=2022-04-17 17:32:24', noted in source file state
2022-04-17 17:32:44: Copy New 'F:/BBlock S/logs/debug.log' -> 'F:/Minecraft/Instances/Alkahestry/logs/debug.log' (34,727,611)
2022-04-17 17:32:44: == Sync Complete. Time: 00:00:03, Speed: 0.00/s, OK: 95, Errors: 3
