[09:28:42.725][CONSTRUCT][CLIENT][INFO] Starting building internal Registries
[09:28:44.664][CONSTRUCT][CLIENT][INFO] The following mods have explicit CraftTweaker support:
'ars_nouveau' at version '1.24.23'
'astralsorcery' at version '1.16.5-1.13.12'
'atum' at version '1.16.5-2.2.10'
'bloodmagic' at version '1.16.4-3.1.7-27'
'botania' at version '1.16.5-420.2'
'botanypots' at version '7.1.33'
'computercraft' at version '1.100.4'
'crafttweaker' at version '7.1.2.508'
'createautomated' at version '1.16.5-1.4.1a'
'cyclic' at version '1.16.5-1.5.15'
'draconicevolution' at version '3.0.22.444'
'extendedcrafting' at version '3.1.11'
'immersiveengineering' at version '1.16.5-5.0.7-143'
'immersivepetroleum' at version '3.3.0-11'
'jeitweaker' at version '1.1.0.49'
'mekanism' at version '10.1.2'
'mysticalagriculture' at version '4.2.6'
'pneumaticcraft' at version '1.16.5-2.15.6-315'
'projecte' at version 'PE1.0.2'
'tconstruct' at version '3.3.4.335'
'thermal' at version '1.4.5.11'
'thermal_foundation' at version '1.4.5.11'
[09:28:46.360][CONSTRUCT][CLIENT][INFO] Completed building internal Registries
[09:29:20.759][LOAD_REGISTRIES][CLIENT][INFO] Started loading Scripts for Loader 'mekanismcontent'!
[09:29:21.344][LOAD_REGISTRIES][CLIENT][INFO] Finished loading Scripts!
[09:29:21.345][LOAD_REGISTRIES][CLIENT][INFO] Registering 0 custom gases.
[09:29:21.371][LOAD_REGISTRIES][CLIENT][INFO] Registering 0 custom infuse types.
[09:29:21.378][LOAD_REGISTRIES][CLIENT][INFO] Registering 0 custom pigments.
[09:29:21.382][LOAD_REGISTRIES][CLIENT][INFO] Registering 0 custom robit skins.
[09:29:21.386][LOAD_REGISTRIES][CLIENT][INFO] Registering 0 custom slurries.
[09:30:14.851][COMMON_SETUP][CLIENT][INFO] Started loading Scripts for Loader 'setupCommon'!
[09:30:14.952][COMMON_SETUP][CLIENT][INFO] Finished loading Scripts!
