[17:9:53][modloading-worker-11] Starting futurepack 31.3.7005
[17:9:53][modloading-worker-11] Debug Enabled: false
[17:9:53][modloading-worker-11] Registered Loot Functions
[17:11:22][Thread-59] OK
[17:11:23][Worker-Main-2] Could not find fields [skyBuffer, skyVBO] in class net.minecraft.client.renderer.WorldRenderer, but found fields of same type: [field_175013_s, field_175012_t, field_175011_u, field_204601_A, stars1, stars2, stars3, stars4, nebulas1, nebulas2, horizon, fog]
[17:11:23][Worker-Main-2] Could not find fields [skyBuffer, skyVBO] in class net.minecraft.client.renderer.WorldRenderer, but found fields of same type: [field_175013_s, field_175012_t, field_175011_u, field_204601_A, stars1, stars2, stars3, stars4, nebulas1, nebulas2, horizon, fog]
[17:11:23][Worker-Main-2] Could not find fields [skyBuffer, skyVBO] in class net.minecraft.client.renderer.WorldRenderer, but found fields of same type: [field_175013_s, field_175012_t, field_175011_u, field_204601_A, stars1, stars2, stars3, stars4, nebulas1, nebulas2, horizon, fog]
[17:11:23][Worker-Main-2] Could not find fields [skyBuffer, skyVBO] in class net.minecraft.client.renderer.WorldRenderer, but found fields of same type: [field_175013_s, field_175012_t, field_175011_u, field_204601_A, stars1, stars2, stars3, stars4, nebulas1, nebulas2, horizon, fog]
[17:11:38][FP-Menue Thread] Starting Menue Thread
[17:15:43][Render thread] Added class net.minecraft.inventory.container.WorkbenchContainer to allowed Research-Crafting containers (Player:public final net.minecraft.entity.player.PlayerEntity net.minecraft.inventory.container.WorkbenchContainer.field_192390_i)
[17:16:26][Render thread] Unable to determine player for class com.buuz135.industrial.utils.CraftingUtils$1 (Examined Fields:[])
[17:16:42][Render thread] Added 220 recipes for futurepack:crusher
[17:16:42][Render thread] Added 25 recipes for futurepack:furnace.industrial.neon
[17:16:42][Render thread] Added 35 recipes for futurepack:assembly
[17:16:42][Render thread] Added 32 recipes for futurepack:recycler
[17:16:42][Render thread] Added 10 recipes for futurepack:furnace.industrial
[17:16:42][Render thread] Added 83 recipes for futurepack:zentrifuge
[17:16:42][Render thread] Added 36 recipes for futurepack:recycler
[17:16:42][Render thread] Added 1407 recipes for futurepack:recycler
[17:20:25][Render thread] Added 220 recipes for futurepack:crusher
[17:20:25][Render thread] Added 25 recipes for futurepack:furnace.industrial.neon
[17:20:25][Render thread] Added 32 recipes for futurepack:recycler
[17:20:25][Render thread] Added 36 recipes for futurepack:recycler
[17:20:25][Render thread] Added 10 recipes for futurepack:furnace.industrial
[17:20:25][Render thread] Added 83 recipes for futurepack:zentrifuge
[17:20:25][Render thread] Added 1407 recipes for futurepack:recycler
[17:20:25][Render thread] Added 35 recipes for futurepack:assembly
[17:24:18][Render thread] Added 220 recipes for futurepack:crusher
[17:24:18][Render thread] Added 25 recipes for futurepack:furnace.industrial.neon
[17:24:18][Render thread] Added 32 recipes for futurepack:recycler
[17:24:18][Render thread] Added 36 recipes for futurepack:recycler
[17:24:18][Render thread] Added 10 recipes for futurepack:furnace.industrial
[17:24:18][Render thread] Added 83 recipes for futurepack:zentrifuge
[17:24:18][Render thread] Added 1407 recipes for futurepack:recycler
[17:24:18][Render thread] Added 35 recipes for futurepack:assembly
[17:43:44][Render thread] Added 220 recipes for futurepack:crusher
[17:43:44][Render thread] Added 25 recipes for futurepack:furnace.industrial.neon
[17:43:44][Render thread] Added 32 recipes for futurepack:recycler
[17:43:44][Render thread] Added 36 recipes for futurepack:recycler
[17:43:44][Render thread] Added 10 recipes for futurepack:furnace.industrial
[17:43:44][Render thread] Added 83 recipes for futurepack:zentrifuge
[17:43:44][Render thread] Added 1407 recipes for futurepack:recycler
[17:43:44][Render thread] Added 35 recipes for futurepack:assembly
[17:49:4][Render thread] Added 220 recipes for futurepack:crusher
[17:49:4][Render thread] Added 25 recipes for futurepack:furnace.industrial.neon
[17:49:4][Render thread] Added 32 recipes for futurepack:recycler
[17:49:4][Render thread] Added 36 recipes for futurepack:recycler
[17:49:4][Render thread] Added 10 recipes for futurepack:furnace.industrial
[17:49:4][Render thread] Added 83 recipes for futurepack:zentrifuge
[17:49:4][Render thread] Added 1407 recipes for futurepack:recycler
[17:49:4][Render thread] Added 35 recipes for futurepack:assembly
[18:5:4][Render thread] Unable to determine player for class com.refinedmods.refinedstorage.apiimpl.autocrafting.CraftingPattern$DummyCraftingInventory$1 (Examined Fields:[])
[18:11:20][Render thread] Added 220 recipes for futurepack:crusher
[18:11:20][Render thread] Added 25 recipes for futurepack:furnace.industrial.neon
[18:11:20][Render thread] Added 32 recipes for futurepack:recycler
[18:11:20][Render thread] Added 36 recipes for futurepack:recycler
[18:11:20][Render thread] Added 10 recipes for futurepack:furnace.industrial
[18:11:20][Render thread] Added 83 recipes for futurepack:zentrifuge
[18:11:20][Render thread] Added 1407 recipes for futurepack:recycler
[18:11:20][Render thread] Added 35 recipes for futurepack:assembly
[18:19:55][Render thread] Added 220 recipes for futurepack:crusher
[18:19:55][Render thread] Added 25 recipes for futurepack:furnace.industrial.neon
[18:19:55][Render thread] Added 32 recipes for futurepack:recycler
[18:19:55][Render thread] Added 36 recipes for futurepack:recycler
[18:19:55][Render thread] Added 10 recipes for futurepack:furnace.industrial
[18:19:55][Render thread] Added 83 recipes for futurepack:zentrifuge
[18:19:55][Render thread] Added 1407 recipes for futurepack:recycler
[18:19:55][Render thread] Added 35 recipes for futurepack:assembly
[18:29:1][Render thread] Added 220 recipes for futurepack:crusher
[18:29:1][Render thread] Added 25 recipes for futurepack:furnace.industrial.neon
[18:29:1][Render thread] Added 32 recipes for futurepack:recycler
[18:29:1][Render thread] Added 36 recipes for futurepack:recycler
[18:29:1][Render thread] Added 10 recipes for futurepack:furnace.industrial
[18:29:1][Render thread] Added 83 recipes for futurepack:zentrifuge
[18:29:1][Render thread] Added 1407 recipes for futurepack:recycler
[18:29:1][Render thread] Added 35 recipes for futurepack:assembly
[18:30:38][Render thread] Added 220 recipes for futurepack:crusher
[18:30:38][Render thread] Added 25 recipes for futurepack:furnace.industrial.neon
[18:30:38][Render thread] Added 32 recipes for futurepack:recycler
[18:30:38][Render thread] Added 36 recipes for futurepack:recycler
[18:30:38][Render thread] Added 10 recipes for futurepack:furnace.industrial
[18:30:38][Render thread] Added 83 recipes for futurepack:zentrifuge
[18:30:38][Render thread] Added 1407 recipes for futurepack:recycler
[18:30:38][Render thread] Added 35 recipes for futurepack:assembly
[19:29:26][Render thread] Added 220 recipes for futurepack:crusher
[19:29:26][Render thread] Added 25 recipes for futurepack:furnace.industrial.neon
[19:29:26][Render thread] Added 32 recipes for futurepack:recycler
[19:29:26][Render thread] Added 36 recipes for futurepack:recycler
[19:29:26][Render thread] Added 10 recipes for futurepack:furnace.industrial
[19:29:26][Render thread] Added 83 recipes for futurepack:zentrifuge
[19:29:26][Render thread] Added 1407 recipes for futurepack:recycler
[19:29:26][Render thread] Added 35 recipes for futurepack:assembly
[19:33:17][Render thread] Added 220 recipes for futurepack:crusher
[19:33:17][Render thread] Added 25 recipes for futurepack:furnace.industrial.neon
[19:33:17][Render thread] Added 32 recipes for futurepack:recycler
[19:33:17][Render thread] Added 36 recipes for futurepack:recycler
[19:33:17][Render thread] Added 10 recipes for futurepack:furnace.industrial
[19:33:17][Render thread] Added 83 recipes for futurepack:zentrifuge
[19:33:17][Render thread] Added 1407 recipes for futurepack:recycler
[19:33:17][Render thread] Added 35 recipes for futurepack:assembly
[19:35:18][Render thread] Added 220 recipes for futurepack:crusher
[19:35:18][Render thread] Added 25 recipes for futurepack:furnace.industrial.neon
[19:35:18][Render thread] Added 32 recipes for futurepack:recycler
[19:35:18][Render thread] Added 36 recipes for futurepack:recycler
[19:35:18][Render thread] Added 10 recipes for futurepack:furnace.industrial
[19:35:18][Render thread] Added 83 recipes for futurepack:zentrifuge
[19:35:18][Render thread] Added 1407 recipes for futurepack:recycler
[19:35:18][Render thread] Added 35 recipes for futurepack:assembly
